<?xml version="1.0" encoding="UTF-8"?>
<testng-results ignored="1" total="5" passed="4" failed="0" skipped="0">
  <reporter-output>
  </reporter-output>
  <suite started-at="2021-07-27T12:12:39 IST" name="Suite" finished-at="2021-07-27T12:13:39 IST" duration-ms="59244">
    <groups>
    </groups>
    <test started-at="2021-07-27T12:12:39 IST" name="Test" finished-at="2021-07-27T12:13:39 IST" duration-ms="59244">
      <class name="com.tms.tests.DashboardPageTest">
        <test-method is-config="true" signature="setUp([Ljava.lang.Object;)[pri:0, instance:com.tms.tests.DashboardPageTest@20ce78ec]" started-at="2021-07-27T12:12:41 IST" name="setUp" finished-at="2021-07-27T12:13:17 IST" duration-ms="36475" status="PASS">
          <params>
            <param index="0">
              <value>
                <![CDATA[[Ljava.lang.Object;@405325cf]]>
              </value>
            </param>
          </params>
          <reporter-output>
          </reporter-output>
        </test-method> <!-- setUp -->
        <test-method is-config="true" signature="setUp([Ljava.lang.Object;)[pri:0, instance:com.tms.tests.DashboardPageTest@20ce78ec]" started-at="2021-07-27T12:12:41 IST" name="setUp" finished-at="2021-07-27T12:13:17 IST" duration-ms="36470" status="PASS">
          <params>
            <param index="0">
              <value>
                <![CDATA[[Ljava.lang.Object;@6c2f1700]]>
              </value>
            </param>
          </params>
          <reporter-output>
          </reporter-output>
        </test-method> <!-- setUp -->
        <test-method signature="SubMenutest3(java.util.Map)[pri:0, instance:com.tms.tests.DashboardPageTest@20ce78ec]" started-at="2021-07-27T12:13:17 IST" name="SubMenutest3" description="wheather the submenutest working or not" finished-at="2021-07-27T12:13:22 IST" duration-ms="5077" status="PASS">
          <params>
            <param index="0">
              <value>
                <![CDATA[{FeesPaid=, Email=, Computer Navigation Skill=, Unit=, Scheduleinfodesc=, linkedIn URL=, reference=, password=123456, Billing Address=, Remarks=, Postalcode=, Street=, Education Qualification=, confirmpassword=, Name2=, Threshold=, Contact Number=, Date Of Birth=, Company Contact Person=, Meal Restrictions Type=, Billing Country=, testname=submenutest3, execute=yes, Experience=, submenu=Staff Permissions, newpassword1=, name=, Block=, name1=, Building=, Salary=, Description=, phonenumber=, EnterText=, Course Brochure Determined=, Company Contact Person Number=, Learning Mode=, Deadline Date=, browser=firefox, Mobile No=, Email1=, Nric=, Sponsored=, Domain Area of Practice=, Room=, Billing Email=, email=, Age=, Floor=, Designation=, Maxintakesize=, menuname=Settings, Coursecode=, Company Contact Person Email=, Coursevacdesc=, Scheduleinformation=, Company SME=, TPGateway=, Billing Zip=, Minintakesize=, Nationality=, Payment Amount=, oldpassword1=, Company Name=, coursecode=, Meal Restrictions=, username=superadmin@mail.com, Scheduleinfo=}]]>
              </value>
            </param>
          </params>
          <reporter-output>
          </reporter-output>
        </test-method> <!-- SubMenutest3 -->
        <test-method signature="SubMenutest4(java.util.Map)[pri:0, instance:com.tms.tests.DashboardPageTest@20ce78ec]" started-at="2021-07-27T12:13:17 IST" name="SubMenutest4" description="wheather the submenutest working or not" finished-at="2021-07-27T12:13:23 IST" duration-ms="6330" status="PASS">
          <params>
            <param index="0">
              <value>
                <![CDATA[{FeesPaid=, Email=, Computer Navigation Skill=, Unit=, Scheduleinfodesc=, linkedIn URL=, reference=, password=123456, Billing Address=, Remarks=, Postalcode=, Street=, Education Qualification=, confirmpassword=, Name2=, Threshold=, Contact Number=, Date Of Birth=, Company Contact Person=, Meal Restrictions Type=, Billing Country=, testname=submenutest4, execute=yes, Experience=, submenu=Xero Connection, newpassword1=, name=, Block=, name1=, Building=, Salary=, Description=, phonenumber=, EnterText=, Course Brochure Determined=, Company Contact Person Number=, Learning Mode=, Deadline Date=, browser=firefox, Mobile No=, Email1=, Nric=, Sponsored=, Domain Area of Practice=, Room=, Billing Email=, email=, Age=, Floor=, Designation=, Maxintakesize=, menuname=Settings, Coursecode=, Company Contact Person Email=, Coursevacdesc=, Scheduleinformation=, Company SME=, TPGateway=, Billing Zip=, Minintakesize=, Nationality=, Payment Amount=, oldpassword1=, Company Name=, coursecode=, Meal Restrictions=, username=superadmin@mail.com, Scheduleinfo=}]]>
              </value>
            </param>
          </params>
          <reporter-output>
          </reporter-output>
        </test-method> <!-- SubMenutest4 -->
        <test-method is-config="true" signature="tearDown()[pri:0, instance:com.tms.tests.DashboardPageTest@20ce78ec]" started-at="2021-07-27T12:13:22 IST" name="tearDown" finished-at="2021-07-27T12:13:29 IST" duration-ms="6429" status="PASS">
          <reporter-output>
          </reporter-output>
        </test-method> <!-- tearDown -->
        <test-method is-config="true" signature="tearDown()[pri:0, instance:com.tms.tests.DashboardPageTest@20ce78ec]" started-at="2021-07-27T12:13:23 IST" name="tearDown" finished-at="2021-07-27T12:13:30 IST" duration-ms="7066" status="PASS">
          <reporter-output>
          </reporter-output>
        </test-method> <!-- tearDown -->
      </class> <!-- com.tms.tests.DashboardPageTest -->
      <class name="com.tms.tests.ManagerPageTest">
        <test-method is-config="true" signature="setUp([Ljava.lang.Object;)[pri:0, instance:com.tms.tests.ManagerPageTest@56620197]" started-at="2021-07-27T12:12:41 IST" name="setUp" finished-at="2021-07-27T12:12:56 IST" duration-ms="15261" status="PASS">
          <params>
            <param index="0">
              <value>
                <![CDATA[[Ljava.lang.Object;@350b3a17]]>
              </value>
            </param>
          </params>
          <reporter-output>
          </reporter-output>
        </test-method> <!-- setUp -->
        <test-method signature="AddnewManagerRecordTest(java.util.Map)[pri:0, instance:com.tms.tests.ManagerPageTest@56620197]" started-at="2021-07-27T12:12:56 IST" name="AddnewManagerRecordTest" description="Verify that AddnewManagersRecordTest working or not" finished-at="2021-07-27T12:13:06 IST" duration-ms="10285" status="PASS">
          <params>
            <param index="0">
              <value>
                <![CDATA[{FeesPaid=, Email=, Computer Navigation Skill=, Unit=, Scheduleinfodesc=, linkedIn URL=, reference=, password=123456, Billing Address=, Remarks=, Postalcode=, Street=, Education Qualification=, confirmpassword=, Name2=, Threshold=, Contact Number=, Date Of Birth=, Company Contact Person=, Meal Restrictions Type=, Billing Country=, testname=AddnewManagerRecordTest, execute=yes, Experience=, submenu=Managers, newpassword1=, name=Autmation manager, Block=, name1=, Building=, Salary=, Description=, phonenumber=2525421252, EnterText=, Course Brochure Determined=, Company Contact Person Number=, Learning Mode=, Deadline Date=, browser=firefox, Mobile No=, Email1=, Nric=, Sponsored=, Domain Area of Practice=, Room=, Billing Email=, email=automationmanager1@mailinator.com, Age=, Floor=, Designation=, Maxintakesize=, menuname=Users, Coursecode=, Company Contact Person Email=, Coursevacdesc=, Scheduleinformation=, Company SME=, TPGateway=, Billing Zip=, Minintakesize=, Nationality=, Payment Amount=, oldpassword1=, Company Name=, coursecode=, Meal Restrictions=, username=superadmin@mail.com, Scheduleinfo=}]]>
              </value>
            </param>
          </params>
          <reporter-output>
          </reporter-output>
        </test-method> <!-- AddnewManagerRecordTest -->
        <test-method is-config="true" signature="tearDown()[pri:0, instance:com.tms.tests.ManagerPageTest@56620197]" started-at="2021-07-27T12:13:06 IST" name="tearDown" finished-at="2021-07-27T12:13:10 IST" duration-ms="4279" status="PASS">
          <reporter-output>
          </reporter-output>
        </test-method> <!-- tearDown -->
        <test-method is-config="true" signature="setUp([Ljava.lang.Object;)[pri:0, instance:com.tms.tests.ManagerPageTest@56620197]" started-at="2021-07-27T12:13:10 IST" name="setUp" finished-at="2021-07-27T12:13:26 IST" duration-ms="15902" status="PASS">
          <params>
            <param index="0">
              <value>
                <![CDATA[[Ljava.lang.Object;@38600b]]>
              </value>
            </param>
          </params>
          <reporter-output>
          </reporter-output>
        </test-method> <!-- setUp -->
        <test-method signature="EditManagerRecordTest(java.util.Map)[pri:0, instance:com.tms.tests.ManagerPageTest@56620197]" started-at="2021-07-27T12:13:26 IST" name="EditManagerRecordTest" description="Verify that EditManagersRecordTest working or not" finished-at="2021-07-27T12:13:36 IST" duration-ms="10152" status="PASS">
          <params>
            <param index="0">
              <value>
                <![CDATA[{FeesPaid=, Email=, Computer Navigation Skill=, Unit=, Scheduleinfodesc=, linkedIn URL=, reference=, password=123456, Billing Address=, Remarks=, Postalcode=, Street=, Education Qualification=, confirmpassword=, Name2=, Threshold=, Contact Number=, Date Of Birth=, Company Contact Person=, Meal Restrictions Type=, Billing Country=, testname=EditManagerRecordTest, execute=yes, Experience=, submenu=Managers, newpassword1=, name=EditManagersRecord, Block=, name1=, Building=, Salary=, Description=, phonenumber=9853322523, EnterText=, Course Brochure Determined=, Company Contact Person Number=, Learning Mode=, Deadline Date=, browser=firefox, Mobile No=, Email1=, Nric=, Sponsored=, Domain Area of Practice=, Room=, Billing Email=, email=, Age=, Floor=, Designation=, Maxintakesize=, menuname=Users, Coursecode=, Company Contact Person Email=, Coursevacdesc=, Scheduleinformation=, Company SME=, TPGateway=, Billing Zip=, Minintakesize=, Nationality=, Payment Amount=, oldpassword1=, Company Name=, coursecode=, Meal Restrictions=, username=superadmin@mail.com, Scheduleinfo=}]]>
              </value>
            </param>
          </params>
          <reporter-output>
          </reporter-output>
        </test-method> <!-- EditManagerRecordTest -->
        <test-method is-config="true" signature="tearDown()[pri:0, instance:com.tms.tests.ManagerPageTest@56620197]" started-at="2021-07-27T12:13:36 IST" name="tearDown" finished-at="2021-07-27T12:13:39 IST" duration-ms="2082" status="PASS">
          <reporter-output>
          </reporter-output>
        </test-method> <!-- tearDown -->
      </class> <!-- com.tms.tests.ManagerPageTest -->
    </test> <!-- Test -->
  </suite> <!-- Suite -->
</testng-results>
