<?xml version="1.0" encoding="UTF-8"?>
<!-- Generated by org.testng.reporters.JUnitXMLReporter -->
<testsuite ignored="1" hostname="AndroidPC" failures="0" tests="4" name="Test" time="59.244" errors="0" timestamp="2021-07-27T12:13:39 IST">
  <testcase classname="com.tms.tests.ManagerPageTest" name="AddnewManagerRecordTest" time="10.285"/>
  <testcase classname="com.tms.tests.DashboardPageTest" name="SubMenutest3" time="5.077"/>
  <testcase classname="com.tms.tests.DashboardPageTest" name="SubMenutest4" time="6.33"/>
  <testcase classname="com.tms.tests.ManagerPageTest" name="EditManagerRecordTest" time="10.152"/>
  <testcase classname="com.tms.tests.CourseRunPageTest" name="AddCourseRunRecordTest" time="0.0">
    <ignored/>
  </testcase> <!-- AddCourseRunRecordTest -->
</testsuite> <!-- Test -->
