<?xml version="1.0" encoding="UTF-8"?>
<!-- Generated by org.testng.reporters.JUnitXMLReporter -->
<testsuite ignored="1" hostname="AndroidPC" failures="1" tests="4" name="Test" time="51.469" errors="0" timestamp="2021-07-28T18:59:06 IST">
  <testcase classname="com.tms.tests.DashboardPageTest" name="EditButtonListdotsButtonforUpcomingCourseRun" time="6.487"/>
  <testcase classname="com.tms.tests.DashboardPageTest" name="AttendanceButtonListdotsButtonforUpcomingCourseRun" time="9.025">
    <failure type="java.lang.AssertionError" message="expected [Attendance Assessment List - Course Run - TMS] but found [Dashboard - TMS]">
      <![CDATA[java.lang.AssertionError: expected [Attendance Assessment List - Course Run - TMS] but found [Dashboard - TMS]
at com.tms.tests.DashboardPageTest.AttendanceButtonListdotsButtonforUpcomingCourseRun(DashboardPageTest.java:59)
at java.base/java.util.concurrent.FutureTask.run(FutureTask.java:264)
at java.base/java.util.concurrent.Executors$RunnableAdapter.call(Executors.java:515)
at java.base/java.util.concurrent.FutureTask.run(FutureTask.java:264)
at java.base/java.util.concurrent.ThreadPoolExecutor.runWorker(ThreadPoolExecutor.java:1128)
at java.base/java.util.concurrent.ThreadPoolExecutor$Worker.run(ThreadPoolExecutor.java:628)
at java.base/java.lang.Thread.run(Thread.java:830)
... Removed 15 stack frames]]>
    </failure>
  </testcase> <!-- AttendanceButtonListdotsButtonforUpcomingCourseRun -->
  <testcase classname="com.tms.tests.DashboardPageTest" name="StudentlistButtonListdotsButtonforUpcomingCourseRun" time="9.659"/>
  <testcase classname="com.tms.tests.DashboardPageTest" name="ViewButtonListdotsButtonforUpcomingCourseRun" time="6.613"/>
  <testcase classname="com.tms.tests.CourseRunPageTest" name="AddCourseRunRecordTest" time="0.0">
    <ignored/>
  </testcase> <!-- AddCourseRunRecordTest -->
</testsuite> <!-- Test -->
